<testsuites id="" name="" tests="3" failures="0" skipped="3" errors="0" time="8.252263000000035">
<testsuite name="tests\01Login\001Login.test.ts" timestamp="1670849234611" hostname="" tests="3" failures="0" skipped="3" time="1.408" errors="0">
<testcase name="TLL001-01 | Verify login with valid credentials" classname="tests\01Login\001Login.test.ts › TLL001-01 | Verify login with valid credentials" time="1.408">
<skipped>
</skipped>
</testcase>
<testcase name="TLL001-02 | Verify login with invalid credentials" classname="tests\01Login\001Login.test.ts › TLL001-02 | Verify login with invalid credentials" time="0">
<skipped>
</skipped>
</testcase>
<testcase name="TLL001-03 | Verify login with UserName and Password" classname="tests\01Login\001Login.test.ts › TLL001-03 | Verify login with UserName and Password" time="0">
<skipped>
</skipped>
</testcase>
</testsuite>
</testsuites>