<testsuites id="" name="" tests="3" failures="0" skipped="0" errors="0" time="161.48737199997902">
<testsuite name="tests\02MainMenu\005SignUp.test.ts" timestamp="1670577270672" hostname="" tests="3" failures="0" skipped="0" time="159.126" errors="0">
<testcase name="Verify SignUp Page Functionality" classname="tests\02MainMenu\005SignUp.test.ts › Verify SignUp Page Functionality" time="61.11">
<system-out>
<![CDATA[
[[ATTACHMENT|test-results\tests-02MainMenu-005SignUp-Verify-SignUp-Page-Functionality\test-finished-1.png]]
]]>
</system-out>
</testcase>
<testcase name="005SU-006 | Verify Additional Information Section" classname="tests\02MainMenu\005SignUp.test.ts › 005SU-006 | Verify Additional Information Section" time="29.522">
<system-out>
<![CDATA[
[[ATTACHMENT|test-results\tests-02MainMenu-005SignUp-005SU-006-Verify-Additional-Information-Section\test-finished-1.png]]
]]>
</system-out>
</testcase>
<testcase name="007PD-0011 | Validate Game Successfully open in mobile screen" classname="tests\02MainMenu\005SignUp.test.ts › 007PD-0011 | Validate Game Successfully open in mobile screen" time="68.494">
<system-out>
<![CDATA[
[[ATTACHMENT|test-results\tests-02MainMenu-005SignUp-007PD-0011-Validate-Game-Successfully-open-in-mobile-screen\test-finished-1.png]]

[[ATTACHMENT|test-results\tests-02MainMenu-005SignUp-007PD-0011-Validate-Game-Successfully-open-in-mobile-screen\test-finished-2.png]]

[[ATTACHMENT|test-results\tests-02MainMenu-005SignUp-007PD-0011-Validate-Game-Successfully-open-in-mobile-screen\test-finished-3.png]]
]]>
</system-out>
</testcase>
</testsuite>
</testsuites>